c:\users\grabi\onedrive\documents\rbloxext\build\obj\light.obj
c:\users\grabi\onedrive\documents\rbloxext\build\obj\view.obj
c:\users\grabi\onedrive\documents\rbloxext\build\obj\imgui_tables.obj
c:\users\grabi\onedrive\documents\rbloxext\build\obj\clipper.engine.obj
c:\users\grabi\onedrive\documents\rbloxext\build\obj\main.obj
c:\users\grabi\onedrive\documents\rbloxext\build\obj\ida_textures.obj
c:\users\grabi\onedrive\documents\rbloxext\build\obj\imgui_draw.obj
c:\users\grabi\onedrive\documents\rbloxext\build\obj\imgui_freetype.obj
c:\users\grabi\onedrive\documents\rbloxext\build\obj\actor.obj
c:\users\grabi\onedrive\documents\rbloxext\build\obj\render.obj
c:\users\grabi\onedrive\documents\rbloxext\build\obj\graphic.obj
c:\users\grabi\onedrive\documents\rbloxext\build\obj\driver.obj
c:\users\grabi\onedrive\documents\rbloxext\build\obj\cache.obj
c:\users\grabi\onedrive\documents\rbloxext\build\obj\imgui_impl_win32.obj
c:\users\grabi\onedrive\documents\rbloxext\build\obj\instance.obj
c:\users\grabi\onedrive\documents\rbloxext\build\obj\aim.obj
c:\users\grabi\onedrive\documents\rbloxext\build\obj\imgui_widgets.obj
c:\users\grabi\onedrive\documents\rbloxext\build\obj\clipper.rectclip.obj
c:\users\grabi\onedrive\documents\rbloxext\build\obj\model.obj
c:\users\grabi\onedrive\documents\rbloxext\build\obj\part.obj
c:\users\grabi\onedrive\documents\rbloxext\build\obj\ida_fonts.obj
c:\users\grabi\onedrive\documents\rbloxext\build\obj\imgui.obj
c:\users\grabi\onedrive\documents\rbloxext\build\obj\human.obj
c:\users\grabi\onedrive\documents\rbloxext\build\obj\wallcheck.obj
c:\users\grabi\onedrive\documents\rbloxext\build\obj\imgui_impl_dx11.obj
c:\users\grabi\onedrive\documents\rbloxext\build\obj\imgui_addons.obj
c:\users\grabi\onedrive\documents\rbloxext\build\obj\camera.obj
c:\users\grabi\onedrive\documents\rbloxext\build\obj\esp.obj
c:\users\grabi\onedrive\documents\rbloxext\build\obj\clipper.offset.obj
c:\users\grabi\onedrive\documents\rbloxext\build\obj\vc143.pdb
c:\users\grabi\onedrive\documents\rbloxext\build\rbx-external.exe
c:\users\grabi\onedrive\documents\rbloxext\build\obj\rbx-external.tlog\cl.10056.write.1.tlog
c:\users\grabi\onedrive\documents\rbloxext\build\obj\rbx-external.tlog\cl.command.1.tlog
c:\users\grabi\onedrive\documents\rbloxext\build\obj\rbx-external.tlog\cl.items.tlog
c:\users\grabi\onedrive\documents\rbloxext\build\obj\rbx-external.tlog\cl.read.1.tlog
c:\users\grabi\onedrive\documents\rbloxext\build\obj\rbx-external.tlog\link.command.1.tlog
c:\users\grabi\onedrive\documents\rbloxext\build\obj\rbx-external.tlog\link.read.1.tlog
c:\users\grabi\onedrive\documents\rbloxext\build\obj\rbx-external.tlog\link.secondary.1.tlog
c:\users\grabi\onedrive\documents\rbloxext\build\obj\rbx-external.tlog\link.write.1.tlog
